[5269:0612/203021:ERROR:browser_main_loop.cc(170)] Running without the SUID sandbox! See https://code.google.com/p/chromium/wiki/LinuxSUIDSandboxDevelopment for more information on developing with the sandbox on.
ATTENTION: default value of option force_s3tc_enable overridden by environment.
App load time: 554ms
[5302:0612/203022:INFO:renderer_main.cc(212)] Renderer process started
[5269:0612/203024:INFO:CONSOLE(133)] "Loading Emmet extensions from", source: /home/gomes/.atom/packages/emmet/lib/emmet.coffee (133)
[5269:0612/203024:INFO:CONSOLE(150)] "Emmet: no such extension folder:", source: /home/gomes/.atom/packages/emmet/lib/emmet.coffee (150)
[5269:0612/203024:INFO:CONSOLE(36)] "Linter-Rust: package loaded, ready to get initialized by AtomLinter.", source: /home/gomes/.atom/packages/linter-rust/lib/init.coffee (36)
[5269:0612/203025:INFO:CONSOLE(52)] "Window load time: 3328ms", source: file:///usr/share/atom/resources/app.asar/static/index.js (52)
[5269:0612/203103:INFO:CONSOLE(197)] "No available version compatible with the installed Atom version: 0.201.0", source: /usr/share/atom/resources/app.asar/node_modules/settings-view/lib/package-card.js (197)
[5291:0612/203105:ERROR:sync_control_vsync_provider.cc(60)] glXGetSyncValuesOML should not return TRUE with a media stream counter of 0.
[5269:0612/203117:INFO:CONSOLE(53)] "Parcel: Package list written to packages.cson", source: /home/gomes/.atom/packages/parcel/lib/package-sync.coffee (53)
[5269:0612/203118:INFO:CONSOLE(14)] "Unhandled promise rejection %o with error: %o", source: file:///usr/share/atom/resources/app.asar/static/index.js (14)
[5291:0612/203156:ERROR:sync_control_vsync_provider.cc(60)] glXGetSyncValuesOML should not return TRUE with a media stream counter of 0.
[5269:0612/203625:INFO:CONSOLE(232)] "(node) warning: possible EventEmitter memory leak detected. %d %s listeners added. Use emitter.setMaxListeners() to increase limit.", source: events.js (232)
[5269:0612/203625:INFO:CONSOLE(232)] "(node) warning: possible EventEmitter memory leak detected. %d %s listeners added. Use emitter.setMaxListeners() to increase limit.", source: events.js (232)
[5291:0612/203651:ERROR:sync_control_vsync_provider.cc(60)] glXGetSyncValuesOML should not return TRUE with a media stream counter of 0.
[5291:0612/203658:ERROR:sync_control_vsync_provider.cc(60)] glXGetSyncValuesOML should not return TRUE with a media stream counter of 0.
[5291:0612/203700:ERROR:sync_control_vsync_provider.cc(60)] glXGetSyncValuesOML should not return TRUE with a media stream counter of 0.
[5291:0612/203702:ERROR:sync_control_vsync_provider.cc(60)] glXGetSyncValuesOML should not return TRUE with a media stream counter of 0.
[5291:0612/203709:ERROR:sync_control_vsync_provider.cc(60)] glXGetSyncValuesOML should not return TRUE with a media stream counter of 0.
[5291:0612/203714:ERROR:sync_control_vsync_provider.cc(60)] glXGetSyncValuesOML should not return TRUE with a media stream counter of 0.
[5269:0612/203735:INFO:CONSOLE(22)] "GitControl: activate", source: /home/gomes/.atom/packages/git-control/lib/git-control.coffee (22)
[5269:0612/203735:INFO:CONSOLE(38)] "GitControl: toggle", source: /home/gomes/.atom/packages/git-control/lib/git-control.coffee (38)
[5269:0612/203735:INFO:CONSOLE(93)] "GitControlView: initialize", source: /home/gomes/.atom/packages/git-control/lib/git-control-view.coffee (93)
